<?xml version="1.0" encoding="UTF-8"?>
<testng-results ignored="0" total="1" passed="0" failed="1" skipped="0">
  <reporter-output>
    <line>
      <![CDATA[<br><a target="_blank" href="file:///D:\Automation FC\Blue_Cloak\reportNGImages\BlueCloak_01_Login_To_System_28_12_2023_03_00_57.png"><img src="file:///D:\Automation FC\Blue_Cloak\reportNGImages\BlueCloak_01_Login_To_System_28_12_2023_03_00_57.png" height='100' width='150'/> </a></br>]]>
    </line>
  </reporter-output>
  <suite started-at="2023-12-28T08:00:37Z" name="NopCommerce" finished-at="2023-12-28T08:00:58Z" duration-ms="21377">
    <groups>
    </groups>
    <test started-at="2023-12-28T08:00:37Z" name="Run on Firefox" finished-at="2023-12-28T08:00:58Z" duration-ms="21377">
      <class name="com.bluecloak.map.Sample_E2E_Test_Map">
        <test-method is-config="true" signature="beforeClass(java.lang.String)[pri:0, instance:com.bluecloak.map.Sample_E2E_Test_Map@36361ddb]" started-at="2023-12-28T08:00:37Z" name="beforeClass" finished-at="2023-12-28T08:00:55Z" duration-ms="18190" status="PASS">
          <params>
            <param index="0">
              <value>
                <![CDATA[firefox]]>
              </value>
            </param>
          </params>
          <reporter-output>
          </reporter-output>
        </test-method> <!-- beforeClass -->
        <test-method signature="BlueCloak_01_Login_To_System(java.lang.reflect.Method)[pri:0, instance:com.bluecloak.map.Sample_E2E_Test_Map@36361ddb]" started-at="2023-12-28T08:00:55Z" name="BlueCloak_01_Login_To_System" finished-at="2023-12-28T08:00:57Z" duration-ms="1706" status="FAIL">
          <params>
            <param index="0">
              <value>
                <![CDATA[public void com.bluecloak.map.Sample_E2E_Test_Map.BlueCloak_01_Login_To_System(java.lang.reflect.Method)]]>
              </value>
            </param>
          </params>
          <exception class="java.lang.AssertionError">
            <message>
              <![CDATA[expected [false] but found [true]]]>
            </message>
            <full-stacktrace>
              <![CDATA[java.lang.AssertionError: expected [false] but found [true]
at org.testng.Assert.fail(Assert.java:96)
at org.testng.Assert.failNotEquals(Assert.java:776)
at org.testng.Assert.assertFalse(Assert.java:65)
at org.testng.Assert.assertFalse(Assert.java:75)
at com.bluecloak.map.Sample_E2E_Test_Map.BlueCloak_01_Login_To_System(Sample_E2E_Test_Map.java:70)
at java.base/jdk.internal.reflect.NativeMethodAccessorImpl.invoke0(Native Method)
at java.base/jdk.internal.reflect.NativeMethodAccessorImpl.invoke(NativeMethodAccessorImpl.java:62)
at java.base/jdk.internal.reflect.DelegatingMethodAccessorImpl.invoke(DelegatingMethodAccessorImpl.java:43)
at java.base/java.lang.reflect.Method.invoke(Method.java:566)
at org.testng.internal.MethodInvocationHelper.invokeMethod(MethodInvocationHelper.java:124)
at org.testng.internal.Invoker.invokeMethod(Invoker.java:583)
at org.testng.internal.Invoker.invokeTestMethod(Invoker.java:719)
at org.testng.internal.Invoker.invokeTestMethods(Invoker.java:989)
at org.testng.internal.TestMethodWorker.invokeTestMethods(TestMethodWorker.java:125)
at org.testng.internal.TestMethodWorker.run(TestMethodWorker.java:109)
at org.testng.TestRunner.privateRun(TestRunner.java:648)
at org.testng.TestRunner.run(TestRunner.java:505)
at org.testng.SuiteRunner.runTest(SuiteRunner.java:455)
at org.testng.SuiteRunner.runSequentially(SuiteRunner.java:450)
at org.testng.SuiteRunner.privateRun(SuiteRunner.java:415)
at org.testng.SuiteRunner.run(SuiteRunner.java:364)
at org.testng.SuiteRunnerWorker.runSuite(SuiteRunnerWorker.java:52)
at org.testng.SuiteRunnerWorker.run(SuiteRunnerWorker.java:84)
at org.testng.TestNG.runSuitesSequentially(TestNG.java:1208)
at org.testng.TestNG.runSuitesLocally(TestNG.java:1137)
at org.testng.TestNG.runSuites(TestNG.java:1049)
at org.testng.TestNG.run(TestNG.java:1017)
at org.testng.TestNG.privateMain(TestNG.java:1354)
at org.testng.TestNG.main(TestNG.java:1323)
]]>
            </full-stacktrace>
          </exception> <!-- java.lang.AssertionError -->
          <reporter-output>
            <line>
              <![CDATA[<br><a target="_blank" href="file:///D:\Automation FC\Blue_Cloak\reportNGImages\BlueCloak_01_Login_To_System_28_12_2023_03_00_57.png"><img src="file:///D:\Automation FC\Blue_Cloak\reportNGImages\BlueCloak_01_Login_To_System_28_12_2023_03_00_57.png" height='100' width='150'/> </a></br>]]>
            </line>
          </reporter-output>
        </test-method> <!-- BlueCloak_01_Login_To_System -->
        <test-method is-config="true" signature="afterClass()[pri:0, instance:com.bluecloak.map.Sample_E2E_Test_Map@36361ddb]" started-at="2023-12-28T08:00:58Z" name="afterClass" finished-at="2023-12-28T08:00:58Z" duration-ms="17" status="PASS">
          <reporter-output>
          </reporter-output>
        </test-method> <!-- afterClass -->
      </class> <!-- com.bluecloak.map.Sample_E2E_Test_Map -->
    </test> <!-- Run on Firefox -->
  </suite> <!-- NopCommerce -->
</testng-results>
